.
в”њв”Ђв”Ђ a.out
в”њв”Ђв”Ђ build
в”‚В В  
в”њв”Ђв”Ђ CMakeLists.txt
в”њв”Ђв”Ђ examples
в”‚В В  в””в”Ђв”Ђ basic.mlir
в”њв”Ђв”Ђ include
в”‚В В  в”њв”Ђв”Ђ CMakeLists.txt
в”‚В В  в””в”Ђв”Ђ my-mlir
в”‚В В      в”њв”Ђв”Ђ CMakeLists.txt
в”‚В В      в””в”Ђв”Ђ Dialect
в”‚В В          в”њв”Ђв”Ђ CMakeLists.txt
в”‚В В          в””в”Ђв”Ђ MyDialect
в”‚В В              в”њв”Ђв”Ђ CMakeLists.txt
в”‚В В              в”њв”Ђв”Ђ Conversion
в”‚В В              в”‚В В  в”њв”Ђв”Ђ CMakeLists.txt
в”‚В В              в”‚В В  в”њв”Ђв”Ђ LowerToTarget.h
в”‚В В              в”‚В В  в””в”Ђв”Ђ Passes.h
в”‚В В              в”њв”Ђв”Ђ IR
в”‚В В              в”‚В В  в”њв”Ђв”Ђ CMakeLists.txt
в”‚В В              в”‚В В  в”њв”Ђв”Ђ MyDialectBase.td
в”‚В В              в”‚В В  в”њв”Ђв”Ђ MyDialectDialect.h
в”‚В В              в”‚В В  в”њв”Ђв”Ђ MyDialectOps.h
в”‚В В              в”‚В В  в”њв”Ђв”Ђ MyDialectOps.td
в”‚В В              в”‚В В  в”њв”Ђв”Ђ MyDialect.td
в”‚В В              в”‚В В  в”њв”Ђв”Ђ MyDialectTypes.h
в”‚В В              в”‚В В  в””в”Ђв”Ђ MyDialectTypes.td
в”‚В В              в””в”Ђв”Ђ Transforms
в”‚В В                  в”њв”Ђв”Ђ CMakeLists.txt
в”‚В В                  в”њв”Ђв”Ђ ExampleTransform.h
в”‚В В                  в”њв”Ђв”Ђ GroupedPasses.h
в”‚В В                  в”њв”Ђв”Ђ MyDialectPasses.td
в”‚В В                  в”њв”Ђв”Ђ Passes.h
в”‚В В                  в””в”Ђв”Ђ Patterns.h
в”њв”Ђв”Ђ lib
в”‚В В  в”њв”Ђв”Ђ CMakeLists.txt
в”‚В В  в””в”Ђв”Ђ Dialect
в”‚В В      в”њв”Ђв”Ђ CMakeLists.txt
в”‚В В      в””в”Ђв”Ђ MyDialect
в”‚В В          в”њв”Ђв”Ђ CMakeLists.txt
в”‚В В          в”њв”Ђв”Ђ Conversion
в”‚В В          в”‚В В  в”њв”Ђв”Ђ CMakeLists.txt
в”‚В В          в”‚В В  в”њв”Ђв”Ђ LowerToTarget.cpp
в”‚В В          в”‚В В  в””в”Ђв”Ђ Passes.cpp
в”‚В В          в”њв”Ђв”Ђ IR
в”‚В В          в”‚В В  в”њв”Ђв”Ђ CMakeLists.txt
в”‚В В          в”‚В В  в”њв”Ђв”Ђ MyDialectBase.cpp
в”‚В В          в”‚В В  в””в”Ђв”Ђ MyDialectOps.cpp
в”‚В В          в””в”Ђв”Ђ Transforms
в”‚В В              в”њв”Ђв”Ђ CMakeLists.txt
в”‚В В              в”њв”Ђв”Ђ ExampleTransform.cpp
в”‚В В              в”њв”Ђв”Ђ GroupedPasses.cpp
в”‚В В              в”њв”Ђв”Ђ MyTransform.cpp
в”‚В В              в”њв”Ђв”Ђ Passes.cpp
в”‚В В              в””в”Ђв”Ђ Patterns.cpp
в”њв”Ђв”Ђ README.md
в”њв”Ђв”Ђ test
в”‚В В  в”њв”Ђв”Ђ CMakeLists.txt
в”‚В В  в”њв”Ђв”Ђ conversion
в”‚В В  в”‚В В  в””в”Ђв”Ђ lower-to-target.mlir
в”‚В В  в”њв”Ђв”Ђ dialect
в”‚В В  в”‚В В  в””в”Ђв”Ђ parse-print.mlir
в”‚В В  в”њв”Ђв”Ђ lit.cfg.py
в”‚В В  в”њв”Ђв”Ђ lit.site.cfg.py.in
в”‚В В  в””в”Ђв”Ђ transforms
в”‚В В      в””в”Ђв”Ђ example-transform.mlir
в””в”Ђв”Ђ tools
    в”њв”Ђв”Ђ CMakeLists.txt
    в””в”Ђв”Ђ my-mlir-opt
        в”њв”Ђв”Ђ CMakeLists.txt
        в””в”Ђв”Ђ my-mlir-opt.cpp

87 directories, 330 files
.
в”њв”Ђв”Ђ a.out
в”њв”Ђв”Ђ build
в”‚В В  в”њв”Ђв”Ђ CMakeCache.txt
в”‚В В  в”њв”Ђв”Ђ CMakeFiles
в”‚В В  в”‚В В  в”њв”Ђв”Ђ 3.28.3
в”‚В В  в”‚В В  в”‚В В  в”њв”Ђв”Ђ CMakeCCompiler.cmake
в”‚В В  в”‚В В  в”‚В В  в”њв”Ђв”Ђ CMakeCXXCompiler.cmake
в”‚В В  в”‚В В  в”‚В В  в”њв”Ђв”Ђ CMakeDetermineCompilerABI_C.bin
в”‚В В  в”‚В В  в”‚В В  в”њв”Ђв”Ђ CMakeDetermineCompilerABI_CXX.bin
в”‚В В  в”‚В В  в”‚В В  в”њв”Ђв”Ђ CMakeSystem.cmake
в”‚В В  в”‚В В  в”‚В В  в”њв”Ђв”Ђ CompilerIdC
в”‚В В  в”‚В В  в”‚В В  в”‚В В  в”њв”Ђв”Ђ a.out
в”‚В В  в”‚В В  в”‚В В  в”‚В В  в”њв”Ђв”Ђ CMakeCCompilerId.c
в”‚В В  в”‚В В  в”‚В В  в”‚В В  в””в”Ђв”Ђ tmp
в”‚В В  в”‚В В  в”‚В В  в””в”Ђв”Ђ CompilerIdCXX
в”‚В В  в”‚В В  в”‚В В      в”њв”Ђв”Ђ a.out
в”‚В В  в”‚В В  в”‚В В      в”њв”Ђв”Ђ CMakeCXXCompilerId.cpp
в”‚В В  в”‚В В  в”‚В В      в””в”Ђв”Ђ tmp
в”‚В В  в”‚В В  в”њв”Ђв”Ђ acc_gen.dir
в”‚В В  в”‚В В  в”‚В В  в”њв”Ђв”Ђ build.make
в”‚В В  в”‚В В  в”‚В В  в”њв”Ђв”Ђ cmake_clean.cmake
в”‚В В  в”‚В В  в”‚В В  в”њв”Ђв”Ђ compiler_depend.make
в”‚В В  в”‚В В  в”‚В В  в”њв”Ђв”Ђ compiler_depend.ts
в”‚В В  в”‚В В  в”‚В В  в”њв”Ђв”Ђ DependInfo.cmake
в”‚В В  в”‚В В  в”‚В В  в””в”Ђв”Ђ progress.make
в”‚В В  в”‚В В  в”њв”Ђв”Ђ cmake.check_cache
в”‚В В  в”‚В В  в”њв”Ђв”Ђ CMakeConfigureLog.yaml
в”‚В В  в”‚В В  в”њв”Ђв”Ђ CMakeDirectoryInformation.cmake
в”‚В В  в”‚В В  в”њв”Ђв”Ђ CMakeRuleHashes.txt
в”‚В В  в”‚В В  в”њв”Ђв”Ђ intrinsics_gen.dir
в”‚В В  в”‚В В  в”‚В В  в”њв”Ђв”Ђ build.make
в”‚В В  в”‚В В  в”‚В В  в”њв”Ђв”Ђ cmake_clean.cmake
в”‚В В  в”‚В В  в”‚В В  в”њв”Ђв”Ђ compiler_depend.make
в”‚В В  в”‚В В  в”‚В В  в”њв”Ђв”Ђ compiler_depend.ts
в”‚В В  в”‚В В  в”‚В В  в”њв”Ђв”Ђ DependInfo.cmake
в”‚В В  в”‚В В  в”‚В В  в””в”Ђв”Ђ progress.make
в”‚В В  в”‚В В  в”њв”Ђв”Ђ Makefile2
в”‚В В  в”‚В В  в”њв”Ђв”Ђ Makefile.cmake
в”‚В В  в”‚В В  в”њв”Ђв”Ђ mlir-doc.dir
в”‚В В  в”‚В В  в”‚В В  в”њв”Ђв”Ђ build.make
в”‚В В  в”‚В В  в”‚В В  в”њв”Ђв”Ђ cmake_clean.cmake
в”‚В В  в”‚В В  в”‚В В  в”њв”Ђв”Ђ compiler_depend.make
в”‚В В  в”‚В В  в”‚В В  в”њв”Ђв”Ђ compiler_depend.ts
в”‚В В  в”‚В В  в”‚В В  в”њв”Ђв”Ђ DependInfo.cmake
в”‚В В  в”‚В В  в”‚В В  в””в”Ђв”Ђ progress.make
в”‚В В  в”‚В В  в”њв”Ђв”Ђ mlir-generic-headers.dir
в”‚В В  в”‚В В  в”‚В В  в”њв”Ђв”Ђ build.make
в”‚В В  в”‚В В  в”‚В В  в”њв”Ђв”Ђ cmake_clean.cmake
в”‚В В  в”‚В В  в”‚В В  в”њв”Ђв”Ђ compiler_depend.make
в”‚В В  в”‚В В  в”‚В В  в”њв”Ђв”Ђ compiler_depend.ts
в”‚В В  в”‚В В  в”‚В В  в”њв”Ђв”Ђ DependInfo.cmake
в”‚В В  в”‚В В  в”‚В В  в””в”Ђв”Ђ progress.make
в”‚В В  в”‚В В  в”њв”Ђв”Ђ mlir-headers.dir
в”‚В В  в”‚В В  в”‚В В  в”њв”Ђв”Ђ build.make
в”‚В В  в”‚В В  в”‚В В  в”њв”Ђв”Ђ cmake_clean.cmake
в”‚В В  в”‚В В  в”‚В В  в”њв”Ђв”Ђ compiler_depend.make
в”‚В В  в”‚В В  в”‚В В  в”њв”Ђв”Ђ compiler_depend.ts
в”‚В В  в”‚В В  в”‚В В  в”њв”Ђв”Ђ DependInfo.cmake
в”‚В В  в”‚В В  в”‚В В  в””в”Ђв”Ђ progress.make
в”‚В В  в”‚В В  в”њв”Ђв”Ђ mlir-tablegen-targets.dir
в”‚В В  в”‚В В  в”‚В В  в”њв”Ђв”Ђ build.make
в”‚В В  в”‚В В  в”‚В В  в”њв”Ђв”Ђ cmake_clean.cmake
в”‚В В  в”‚В В  в”‚В В  в”њв”Ђв”Ђ compiler_depend.make
в”‚В В  в”‚В В  в”‚В В  в”њв”Ђв”Ђ compiler_depend.ts
в”‚В В  в”‚В В  в”‚В В  в”њв”Ђв”Ђ DependInfo.cmake
в”‚В В  в”‚В В  в”‚В В  в””в”Ђв”Ђ progress.make
в”‚В В  в”‚В В  в”њв”Ђв”Ђ omp_gen.dir
в”‚В В  в”‚В В  в”‚В В  в”њв”Ђв”Ђ build.make
в”‚В В  в”‚В В  в”‚В В  в”њв”Ђв”Ђ cmake_clean.cmake
в”‚В В  в”‚В В  в”‚В В  в”њв”Ђв”Ђ compiler_depend.make
в”‚В В  в”‚В В  в”‚В В  в”њв”Ђв”Ђ compiler_depend.ts
в”‚В В  в”‚В В  в”‚В В  в”њв”Ђв”Ђ DependInfo.cmake
в”‚В В  в”‚В В  в”‚В В  в””в”Ђв”Ђ progress.make
в”‚В В  в”‚В В  в”њв”Ђв”Ђ pkgRedirects
в”‚В В  в”‚В В  в”њв”Ђв”Ђ Progress
в”‚В В  в”‚В В  в”‚В В  в”њв”Ђв”Ђ 14
в”‚В В  в”‚В В  в”‚В В  в”њв”Ђв”Ђ 19
в”‚В В  в”‚В В  в”‚В В  в”њв”Ђв”Ђ 20
в”‚В В  в”‚В В  в”‚В В  в”њв”Ђв”Ђ 3
в”‚В В  в”‚В В  в”‚В В  в”њв”Ђв”Ђ 4
в”‚В В  в”‚В В  в”‚В В  в”њв”Ђв”Ђ 5
в”‚В В  в”‚В В  в”‚В В  в”њв”Ђв”Ђ 6
в”‚В В  в”‚В В  в”‚В В  в”њв”Ђв”Ђ 7
в”‚В В  в”‚В В  в”‚В В  в”њв”Ђв”Ђ 8
в”‚В В  в”‚В В  в”‚В В  в””в”Ђв”Ђ count.txt
в”‚В В  в”‚В В  в”њв”Ђв”Ђ progress.marks
в”‚В В  в”‚В В  в”њв”Ђв”Ђ RISCVTargetParserTableGen.dir
в”‚В В  в”‚В В  в”‚В В  в”њв”Ђв”Ђ build.make
в”‚В В  в”‚В В  в”‚В В  в”њв”Ђв”Ђ cmake_clean.cmake
в”‚В В  в”‚В В  в”‚В В  в”њв”Ђв”Ђ compiler_depend.make
в”‚В В  в”‚В В  в”‚В В  в”њв”Ђв”Ђ compiler_depend.ts
в”‚В В  в”‚В В  в”‚В В  в”њв”Ђв”Ђ DependInfo.cmake
в”‚В В  в”‚В В  в”‚В В  в””в”Ђв”Ђ progress.make
в”‚В В  в”‚В В  в””в”Ђв”Ђ TargetDirectories.txt
в”‚В В  в”њв”Ђв”Ђ cmake_install.cmake
в”‚В В  в”њв”Ђв”Ђ include
в”‚В В  в”‚В В  в”њв”Ђв”Ђ CMakeFiles
в”‚В В  в”‚В В  в”‚В В  в”њв”Ђв”Ђ CMakeDirectoryInformation.cmake
в”‚В В  в”‚В В  в”‚В В  в””в”Ђв”Ђ progress.marks
в”‚В В  в”‚В В  в”њв”Ђв”Ђ cmake_install.cmake
в”‚В В  в”‚В В  в”њв”Ђв”Ђ Makefile
в”‚В В  в”‚В В  в””в”Ђв”Ђ my-mlir
в”‚В В  в”‚В В      в”њв”Ђв”Ђ CMakeFiles
в”‚В В  в”‚В В      в”‚В В  в”њв”Ђв”Ђ CMakeDirectoryInformation.cmake
в”‚В В  в”‚В В      в”‚В В  в””в”Ђв”Ђ progress.marks
в”‚В В  в”‚В В      в”њв”Ђв”Ђ cmake_install.cmake
в”‚В В  в”‚В В      в”њв”Ђв”Ђ Dialect
в”‚В В  в”‚В В      в”‚В В  в”њв”Ђв”Ђ CMakeFiles
в”‚В В  в”‚В В      в”‚В В  в”‚В В  в”њв”Ђв”Ђ CMakeDirectoryInformation.cmake
в”‚В В  в”‚В В      в”‚В В  в”‚В В  в””в”Ђв”Ђ progress.marks
в”‚В В  в”‚В В      в”‚В В  в”њв”Ђв”Ђ cmake_install.cmake
в”‚В В  в”‚В В      в”‚В В  в”њв”Ђв”Ђ Makefile
в”‚В В  в”‚В В      в”‚В В  в””в”Ђв”Ђ MyDialect
в”‚В В  в”‚В В      в”‚В В      в”њв”Ђв”Ђ CMakeFiles
в”‚В В  в”‚В В      в”‚В В      в”‚В В  в”њв”Ђв”Ђ CMakeDirectoryInformation.cmake
в”‚В В  в”‚В В      в”‚В В      в”‚В В  в””в”Ђв”Ђ progress.marks
в”‚В В  в”‚В В      в”‚В В      в”њв”Ђв”Ђ cmake_install.cmake
в”‚В В  в”‚В В      в”‚В В      в”њв”Ђв”Ђ Conversion
в”‚В В  в”‚В В      в”‚В В      в”‚В В  в”њв”Ђв”Ђ CMakeFiles
в”‚В В  в”‚В В      в”‚В В      в”‚В В  в”‚В В  в”њв”Ђв”Ђ CMakeDirectoryInformation.cmake
в”‚В В  в”‚В В      в”‚В В      в”‚В В  в”‚В В  в””в”Ђв”Ђ progress.marks
в”‚В В  в”‚В В      в”‚В В      в”‚В В  в”њв”Ђв”Ђ cmake_install.cmake
в”‚В В  в”‚В В      в”‚В В      в”‚В В  в””в”Ђв”Ђ Makefile
в”‚В В  в”‚В В      в”‚В В      в”њв”Ђв”Ђ IR
в”‚В В  в”‚В В      в”‚В В      в”‚В В  в”њв”Ђв”Ђ CMakeFiles
в”‚В В  в”‚В В      в”‚В В      в”‚В В  в”‚В В  в”њв”Ђв”Ђ CMakeDirectoryInformation.cmake
в”‚В В  в”‚В В      в”‚В В      в”‚В В  в”‚В В  в”њв”Ђв”Ђ MyDialectIRIncGen.dir
в”‚В В  в”‚В В      в”‚В В      в”‚В В  в”‚В В  в”‚В В  в”њв”Ђв”Ђ build.make
в”‚В В  в”‚В В      в”‚В В      в”‚В В  в”‚В В  в”‚В В  в”њв”Ђв”Ђ cmake_clean.cmake
в”‚В В  в”‚В В      в”‚В В      в”‚В В  в”‚В В  в”‚В В  в”њв”Ђв”Ђ compiler_depend.make
в”‚В В  в”‚В В      в”‚В В      в”‚В В  в”‚В В  в”‚В В  в”њв”Ђв”Ђ compiler_depend.ts
в”‚В В  в”‚В В      в”‚В В      в”‚В В  в”‚В В  в”‚В В  в”њв”Ђв”Ђ DependInfo.cmake
в”‚В В  в”‚В В      в”‚В В      в”‚В В  в”‚В В  в”‚В В  в””в”Ђв”Ђ progress.make
в”‚В В  в”‚В В      в”‚В В      в”‚В В  в”‚В В  в””в”Ђв”Ђ progress.marks
в”‚В В  в”‚В В      в”‚В В      в”‚В В  в”њв”Ђв”Ђ cmake_install.cmake
в”‚В В  в”‚В В      в”‚В В      в”‚В В  в”њв”Ђв”Ђ Makefile
в”‚В В  в”‚В В      в”‚В В      в”‚В В  в”њв”Ђв”Ђ MyDialectBase.cpp.inc
в”‚В В  в”‚В В      в”‚В В      в”‚В В  в”њв”Ђв”Ђ MyDialectBase.h.inc
в”‚В В  в”‚В В      в”‚В В      в”‚В В  в”њв”Ђв”Ђ MyDialectOps.cpp.inc
в”‚В В  в”‚В В      в”‚В В      в”‚В В  в””в”Ђв”Ђ MyDialectOps.h.inc
в”‚В В  в”‚В В      в”‚В В      в”њв”Ђв”Ђ Makefile
в”‚В В  в”‚В В      в”‚В В      в””в”Ђв”Ђ Transforms
в”‚В В  в”‚В В      в”‚В В          в”њв”Ђв”Ђ CMakeFiles
в”‚В В  в”‚В В      в”‚В В          в”‚В В  в”њв”Ђв”Ђ CMakeDirectoryInformation.cmake
в”‚В В  в”‚В В      в”‚В В          в”‚В В  в””в”Ђв”Ђ progress.marks
в”‚В В  в”‚В В      в”‚В В          в”њв”Ђв”Ђ cmake_install.cmake
в”‚В В  в”‚В В      в”‚В В          в””в”Ђв”Ђ Makefile
в”‚В В  в”‚В В      в””в”Ђв”Ђ Makefile
в”‚В В  в”њв”Ђв”Ђ lib
в”‚В В  в”‚В В  в”њв”Ђв”Ђ CMakeFiles
в”‚В В  в”‚В В  в”‚В В  в”њв”Ђв”Ђ CMakeDirectoryInformation.cmake
в”‚В В  в”‚В В  в”‚В В  в””в”Ђв”Ђ progress.marks
в”‚В В  в”‚В В  в”њв”Ђв”Ђ cmake_install.cmake
в”‚В В  в”‚В В  в”њв”Ђв”Ђ Dialect
в”‚В В  в”‚В В  в”‚В В  в”њв”Ђв”Ђ CMakeFiles
в”‚В В  в”‚В В  в”‚В В  в”‚В В  в”њв”Ђв”Ђ CMakeDirectoryInformation.cmake
в”‚В В  в”‚В В  в”‚В В  в”‚В В  в””в”Ђв”Ђ progress.marks
в”‚В В  в”‚В В  в”‚В В  в”њв”Ђв”Ђ cmake_install.cmake
в”‚В В  в”‚В В  в”‚В В  в”њв”Ђв”Ђ Makefile
в”‚В В  в”‚В В  в”‚В В  в””в”Ђв”Ђ MyDialect
в”‚В В  в”‚В В  в”‚В В      в”њв”Ђв”Ђ CMakeFiles
в”‚В В  в”‚В В  в”‚В В      в”‚В В  в”њв”Ђв”Ђ CMakeDirectoryInformation.cmake
в”‚В В  в”‚В В  в”‚В В      в”‚В В  в””в”Ђв”Ђ progress.marks
в”‚В В  в”‚В В  в”‚В В      в”њв”Ђв”Ђ cmake_install.cmake
в”‚В В  в”‚В В  в”‚В В      в”њв”Ђв”Ђ Conversion
в”‚В В  в”‚В В  в”‚В В      в”‚В В  в”њв”Ђв”Ђ CMakeFiles
в”‚В В  в”‚В В  в”‚В В      в”‚В В  в”‚В В  в”њв”Ђв”Ђ CMakeDirectoryInformation.cmake
в”‚В В  в”‚В В  в”‚В В      в”‚В В  в”‚В В  в”њв”Ђв”Ђ install-MLIRMyDialectConversion.dir
в”‚В В  в”‚В В  в”‚В В      в”‚В В  в”‚В В  в”‚В В  в”њв”Ђв”Ђ build.make
в”‚В В  в”‚В В  в”‚В В      в”‚В В  в”‚В В  в”‚В В  в”њв”Ђв”Ђ cmake_clean.cmake
в”‚В В  в”‚В В  в”‚В В      в”‚В В  в”‚В В  в”‚В В  в”њв”Ђв”Ђ compiler_depend.make
в”‚В В  в”‚В В  в”‚В В      в”‚В В  в”‚В В  в”‚В В  в”њв”Ђв”Ђ compiler_depend.ts
в”‚В В  в”‚В В  в”‚В В      в”‚В В  в”‚В В  в”‚В В  в”њв”Ђв”Ђ DependInfo.cmake
в”‚В В  в”‚В В  в”‚В В      в”‚В В  в”‚В В  в”‚В В  в””в”Ђв”Ђ progress.make
в”‚В В  в”‚В В  в”‚В В      в”‚В В  в”‚В В  в”њв”Ђв”Ђ install-MLIRMyDialectConversion-stripped.dir
в”‚В В  в”‚В В  в”‚В В      в”‚В В  в”‚В В  в”‚В В  в”њв”Ђв”Ђ build.make
в”‚В В  в”‚В В  в”‚В В      в”‚В В  в”‚В В  в”‚В В  в”њв”Ђв”Ђ cmake_clean.cmake
в”‚В В  в”‚В В  в”‚В В      в”‚В В  в”‚В В  в”‚В В  в”њв”Ђв”Ђ compiler_depend.make
в”‚В В  в”‚В В  в”‚В В      в”‚В В  в”‚В В  в”‚В В  в”њв”Ђв”Ђ compiler_depend.ts
в”‚В В  в”‚В В  в”‚В В      в”‚В В  в”‚В В  в”‚В В  в”њв”Ђв”Ђ DependInfo.cmake
в”‚В В  в”‚В В  в”‚В В      в”‚В В  в”‚В В  в”‚В В  в””в”Ђв”Ђ progress.make
в”‚В В  в”‚В В  в”‚В В      в”‚В В  в”‚В В  в”њв”Ђв”Ђ MLIRMyDialectConversion.dir
в”‚В В  в”‚В В  в”‚В В      в”‚В В  в”‚В В  в”‚В В  в”њв”Ђв”Ђ build.make
в”‚В В  в”‚В В  в”‚В В      в”‚В В  в”‚В В  в”‚В В  в”њв”Ђв”Ђ cmake_clean.cmake
в”‚В В  в”‚В В  в”‚В В      в”‚В В  в”‚В В  в”‚В В  в”њв”Ђв”Ђ cmake_clean_target.cmake
в”‚В В  в”‚В В  в”‚В В      в”‚В В  в”‚В В  в”‚В В  в”њв”Ђв”Ђ compiler_depend.make
в”‚В В  в”‚В В  в”‚В В      в”‚В В  в”‚В В  в”‚В В  в”њв”Ђв”Ђ compiler_depend.ts
в”‚В В  в”‚В В  в”‚В В      в”‚В В  в”‚В В  в”‚В В  в”њв”Ђв”Ђ DependInfo.cmake
в”‚В В  в”‚В В  в”‚В В      в”‚В В  в”‚В В  в”‚В В  в”њв”Ђв”Ђ depend.make
в”‚В В  в”‚В В  в”‚В В      в”‚В В  в”‚В В  в”‚В В  в”њв”Ђв”Ђ flags.make
в”‚В В  в”‚В В  в”‚В В      в”‚В В  в”‚В В  в”‚В В  в”њв”Ђв”Ђ link.txt
в”‚В В  в”‚В В  в”‚В В      в”‚В В  в”‚В В  в”‚В В  в””в”Ђв”Ђ progress.make
в”‚В В  в”‚В В  в”‚В В      в”‚В В  в”‚В В  в”њв”Ђв”Ђ obj.MLIRMyDialectConversion.dir
в”‚В В  в”‚В В  в”‚В В      в”‚В В  в”‚В В  в”‚В В  в”њв”Ђв”Ђ build.make
в”‚В В  в”‚В В  в”‚В В      в”‚В В  в”‚В В  в”‚В В  в”њв”Ђв”Ђ cmake_clean.cmake
в”‚В В  в”‚В В  в”‚В В      в”‚В В  в”‚В В  в”‚В В  в”њв”Ђв”Ђ compiler_depend.make
в”‚В В  в”‚В В  в”‚В В      в”‚В В  в”‚В В  в”‚В В  в”њв”Ђв”Ђ compiler_depend.ts
в”‚В В  в”‚В В  в”‚В В      в”‚В В  в”‚В В  в”‚В В  в”њв”Ђв”Ђ DependInfo.cmake
в”‚В В  в”‚В В  в”‚В В      в”‚В В  в”‚В В  в”‚В В  в”њв”Ђв”Ђ depend.make
в”‚В В  в”‚В В  в”‚В В      в”‚В В  в”‚В В  в”‚В В  в”њв”Ђв”Ђ flags.make
в”‚В В  в”‚В В  в”‚В В      в”‚В В  в”‚В В  в”‚В В  в””в”Ђв”Ђ progress.make
в”‚В В  в”‚В В  в”‚В В      в”‚В В  в”‚В В  в””в”Ђв”Ђ progress.marks
в”‚В В  в”‚В В  в”‚В В      в”‚В В  в”њв”Ђв”Ђ cmake_install.cmake
в”‚В В  в”‚В В  в”‚В В      в”‚В В  в””в”Ђв”Ђ Makefile
в”‚В В  в”‚В В  в”‚В В      в”њв”Ђв”Ђ IR
в”‚В В  в”‚В В  в”‚В В      в”‚В В  в”њв”Ђв”Ђ CMakeFiles
в”‚В В  в”‚В В  в”‚В В      в”‚В В  в”‚В В  в”њв”Ђв”Ђ CMakeDirectoryInformation.cmake
в”‚В В  в”‚В В  в”‚В В      в”‚В В  в”‚В В  в”њв”Ђв”Ђ install-MyDialectIR.dir
в”‚В В  в”‚В В  в”‚В В      в”‚В В  в”‚В В  в”‚В В  в”њв”Ђв”Ђ build.make
в”‚В В  в”‚В В  в”‚В В      в”‚В В  в”‚В В  в”‚В В  в”њв”Ђв”Ђ cmake_clean.cmake
в”‚В В  в”‚В В  в”‚В В      в”‚В В  в”‚В В  в”‚В В  в”њв”Ђв”Ђ compiler_depend.make
в”‚В В  в”‚В В  в”‚В В      в”‚В В  в”‚В В  в”‚В В  в”њв”Ђв”Ђ compiler_depend.ts
в”‚В В  в”‚В В  в”‚В В      в”‚В В  в”‚В В  в”‚В В  в”њв”Ђв”Ђ DependInfo.cmake
в”‚В В  в”‚В В  в”‚В В      в”‚В В  в”‚В В  в”‚В В  в””в”Ђв”Ђ progress.make
в”‚В В  в”‚В В  в”‚В В      в”‚В В  в”‚В В  в”њв”Ђв”Ђ install-MyDialectIR-stripped.dir
в”‚В В  в”‚В В  в”‚В В      в”‚В В  в”‚В В  в”‚В В  в”њв”Ђв”Ђ build.make
в”‚В В  в”‚В В  в”‚В В      в”‚В В  в”‚В В  в”‚В В  в”њв”Ђв”Ђ cmake_clean.cmake
в”‚В В  в”‚В В  в”‚В В      в”‚В В  в”‚В В  в”‚В В  в”њв”Ђв”Ђ compiler_depend.make
в”‚В В  в”‚В В  в”‚В В      в”‚В В  в”‚В В  в”‚В В  в”њв”Ђв”Ђ compiler_depend.ts
в”‚В В  в”‚В В  в”‚В В      в”‚В В  в”‚В В  в”‚В В  в”њв”Ђв”Ђ DependInfo.cmake
в”‚В В  в”‚В В  в”‚В В      в”‚В В  в”‚В В  в”‚В В  в””в”Ђв”Ђ progress.make
в”‚В В  в”‚В В  в”‚В В      в”‚В В  в”‚В В  в”њв”Ђв”Ђ MyDialectIR.dir
в”‚В В  в”‚В В  в”‚В В      в”‚В В  в”‚В В  в”‚В В  в”њв”Ђв”Ђ build.make
в”‚В В  в”‚В В  в”‚В В      в”‚В В  в”‚В В  в”‚В В  в”њв”Ђв”Ђ cmake_clean.cmake
в”‚В В  в”‚В В  в”‚В В      в”‚В В  в”‚В В  в”‚В В  в”њв”Ђв”Ђ cmake_clean_target.cmake
в”‚В В  в”‚В В  в”‚В В      в”‚В В  в”‚В В  в”‚В В  в”њв”Ђв”Ђ compiler_depend.make
в”‚В В  в”‚В В  в”‚В В      в”‚В В  в”‚В В  в”‚В В  в”њв”Ђв”Ђ compiler_depend.ts
в”‚В В  в”‚В В  в”‚В В      в”‚В В  в”‚В В  в”‚В В  в”њв”Ђв”Ђ DependInfo.cmake
в”‚В В  в”‚В В  в”‚В В      в”‚В В  в”‚В В  в”‚В В  в”њв”Ђв”Ђ depend.make
в”‚В В  в”‚В В  в”‚В В      в”‚В В  в”‚В В  в”‚В В  в”њв”Ђв”Ђ flags.make
в”‚В В  в”‚В В  в”‚В В      в”‚В В  в”‚В В  в”‚В В  в”њв”Ђв”Ђ link.txt
в”‚В В  в”‚В В  в”‚В В      в”‚В В  в”‚В В  в”‚В В  в””в”Ђв”Ђ progress.make
в”‚В В  в”‚В В  в”‚В В      в”‚В В  в”‚В В  в”њв”Ђв”Ђ obj.MyDialectIR.dir
в”‚В В  в”‚В В  в”‚В В      в”‚В В  в”‚В В  в”‚В В  в”њв”Ђв”Ђ build.make
в”‚В В  в”‚В В  в”‚В В      в”‚В В  в”‚В В  в”‚В В  в”њв”Ђв”Ђ cmake_clean.cmake
в”‚В В  в”‚В В  в”‚В В      в”‚В В  в”‚В В  в”‚В В  в”њв”Ђв”Ђ compiler_depend.internal
в”‚В В  в”‚В В  в”‚В В      в”‚В В  в”‚В В  в”‚В В  в”њв”Ђв”Ђ compiler_depend.make
в”‚В В  в”‚В В  в”‚В В      в”‚В В  в”‚В В  в”‚В В  в”њв”Ђв”Ђ compiler_depend.ts
в”‚В В  в”‚В В  в”‚В В      в”‚В В  в”‚В В  в”‚В В  в”њв”Ђв”Ђ DependInfo.cmake
в”‚В В  в”‚В В  в”‚В В      в”‚В В  в”‚В В  в”‚В В  в”њв”Ђв”Ђ depend.make
в”‚В В  в”‚В В  в”‚В В      в”‚В В  в”‚В В  в”‚В В  в”њв”Ђв”Ђ flags.make
в”‚В В  в”‚В В  в”‚В В      в”‚В В  в”‚В В  в”‚В В  в”њв”Ђв”Ђ MyDialectBase.cpp.o
в”‚В В  в”‚В В  в”‚В В      в”‚В В  в”‚В В  в”‚В В  в”њв”Ђв”Ђ MyDialectBase.cpp.o.d
в”‚В В  в”‚В В  в”‚В В      в”‚В В  в”‚В В  в”‚В В  в”њв”Ђв”Ђ MyDialectOps.cpp.o
в”‚В В  в”‚В В  в”‚В В      в”‚В В  в”‚В В  в”‚В В  в”њв”Ђв”Ђ MyDialectOps.cpp.o.d
в”‚В В  в”‚В В  в”‚В В      в”‚В В  в”‚В В  в”‚В В  в””в”Ђв”Ђ progress.make
в”‚В В  в”‚В В  в”‚В В      в”‚В В  в”‚В В  в””в”Ђв”Ђ progress.marks
в”‚В В  в”‚В В  в”‚В В      в”‚В В  в”њв”Ђв”Ђ cmake_install.cmake
в”‚В В  в”‚В В  в”‚В В      в”‚В В  в”њв”Ђв”Ђ libMyDialectIR.a
в”‚В В  в”‚В В  в”‚В В      в”‚В В  в””в”Ђв”Ђ Makefile
в”‚В В  в”‚В В  в”‚В В      в”њв”Ђв”Ђ Makefile
в”‚В В  в”‚В В  в”‚В В      в””в”Ђв”Ђ Transforms
в”‚В В  в”‚В В  в”‚В В          в”њв”Ђв”Ђ CMakeFiles
в”‚В В  в”‚В В  в”‚В В          в”‚В В  в”њв”Ђв”Ђ CMakeDirectoryInformation.cmake
в”‚В В  в”‚В В  в”‚В В          в”‚В В  в”њв”Ђв”Ђ install-MLIRMyDialectTransforms.dir
в”‚В В  в”‚В В  в”‚В В          в”‚В В  в”‚В В  в”њв”Ђв”Ђ build.make
в”‚В В  в”‚В В  в”‚В В          в”‚В В  в”‚В В  в”њв”Ђв”Ђ cmake_clean.cmake
в”‚В В  в”‚В В  в”‚В В          в”‚В В  в”‚В В  в”њв”Ђв”Ђ compiler_depend.make
в”‚В В  в”‚В В  в”‚В В          в”‚В В  в”‚В В  в”њв”Ђв”Ђ compiler_depend.ts
в”‚В В  в”‚В В  в”‚В В          в”‚В В  в”‚В В  в”њв”Ђв”Ђ DependInfo.cmake
в”‚В В  в”‚В В  в”‚В В          в”‚В В  в”‚В В  в””в”Ђв”Ђ progress.make
в”‚В В  в”‚В В  в”‚В В          в”‚В В  в”њв”Ђв”Ђ install-MLIRMyDialectTransforms-stripped.dir
в”‚В В  в”‚В В  в”‚В В          в”‚В В  в”‚В В  в”њв”Ђв”Ђ build.make
в”‚В В  в”‚В В  в”‚В В          в”‚В В  в”‚В В  в”њв”Ђв”Ђ cmake_clean.cmake
в”‚В В  в”‚В В  в”‚В В          в”‚В В  в”‚В В  в”њв”Ђв”Ђ compiler_depend.make
в”‚В В  в”‚В В  в”‚В В          в”‚В В  в”‚В В  в”њв”Ђв”Ђ compiler_depend.ts
в”‚В В  в”‚В В  в”‚В В          в”‚В В  в”‚В В  в”њв”Ђв”Ђ DependInfo.cmake
в”‚В В  в”‚В В  в”‚В В          в”‚В В  в”‚В В  в””в”Ђв”Ђ progress.make
в”‚В В  в”‚В В  в”‚В В          в”‚В В  в”њв”Ђв”Ђ MLIRMyDialectTransforms.dir
в”‚В В  в”‚В В  в”‚В В          в”‚В В  в”‚В В  в”њв”Ђв”Ђ build.make
в”‚В В  в”‚В В  в”‚В В          в”‚В В  в”‚В В  в”њв”Ђв”Ђ cmake_clean.cmake
в”‚В В  в”‚В В  в”‚В В          в”‚В В  в”‚В В  в”њв”Ђв”Ђ cmake_clean_target.cmake
в”‚В В  в”‚В В  в”‚В В          в”‚В В  в”‚В В  в”њв”Ђв”Ђ compiler_depend.make
в”‚В В  в”‚В В  в”‚В В          в”‚В В  в”‚В В  в”њв”Ђв”Ђ compiler_depend.ts
в”‚В В  в”‚В В  в”‚В В          в”‚В В  в”‚В В  в”њв”Ђв”Ђ DependInfo.cmake
в”‚В В  в”‚В В  в”‚В В          в”‚В В  в”‚В В  в”њв”Ђв”Ђ depend.make
в”‚В В  в”‚В В  в”‚В В          в”‚В В  в”‚В В  в”њв”Ђв”Ђ flags.make
в”‚В В  в”‚В В  в”‚В В          в”‚В В  в”‚В В  в”њв”Ђв”Ђ link.txt
в”‚В В  в”‚В В  в”‚В В          в”‚В В  в”‚В В  в””в”Ђв”Ђ progress.make
в”‚В В  в”‚В В  в”‚В В          в”‚В В  в”њв”Ђв”Ђ MyDialectPasses.h.inc.dir
в”‚В В  в”‚В В  в”‚В В          в”‚В В  в”‚В В  в”њв”Ђв”Ђ build.make
в”‚В В  в”‚В В  в”‚В В          в”‚В В  в”‚В В  в”њв”Ђв”Ђ cmake_clean.cmake
в”‚В В  в”‚В В  в”‚В В          в”‚В В  в”‚В В  в”њв”Ђв”Ђ compiler_depend.make
в”‚В В  в”‚В В  в”‚В В          в”‚В В  в”‚В В  в”њв”Ђв”Ђ compiler_depend.ts
в”‚В В  в”‚В В  в”‚В В          в”‚В В  в”‚В В  в”њв”Ђв”Ђ DependInfo.cmake
в”‚В В  в”‚В В  в”‚В В          в”‚В В  в”‚В В  в””в”Ђв”Ђ progress.make
в”‚В В  в”‚В В  в”‚В В          в”‚В В  в”њв”Ђв”Ђ obj.MLIRMyDialectTransforms.dir
в”‚В В  в”‚В В  в”‚В В          в”‚В В  в”‚В В  в”њв”Ђв”Ђ build.make
в”‚В В  в”‚В В  в”‚В В          в”‚В В  в”‚В В  в”њв”Ђв”Ђ cmake_clean.cmake
в”‚В В  в”‚В В  в”‚В В          в”‚В В  в”‚В В  в”њв”Ђв”Ђ compiler_depend.make
в”‚В В  в”‚В В  в”‚В В          в”‚В В  в”‚В В  в”њв”Ђв”Ђ compiler_depend.ts
в”‚В В  в”‚В В  в”‚В В          в”‚В В  в”‚В В  в”њв”Ђв”Ђ DependInfo.cmake
в”‚В В  в”‚В В  в”‚В В          в”‚В В  в”‚В В  в”њв”Ђв”Ђ depend.make
в”‚В В  в”‚В В  в”‚В В          в”‚В В  в”‚В В  в”њв”Ђв”Ђ flags.make
в”‚В В  в”‚В В  в”‚В В          в”‚В В  в”‚В В  в””в”Ђв”Ђ progress.make
в”‚В В  в”‚В В  в”‚В В          в”‚В В  в””в”Ђв”Ђ progress.marks
в”‚В В  в”‚В В  в”‚В В          в”њв”Ђв”Ђ cmake_install.cmake
в”‚В В  в”‚В В  в”‚В В          в”њв”Ђв”Ђ Makefile
в”‚В В  в”‚В В  в”‚В В          в””в”Ђв”Ђ MyDialectPasses.h.inc
в”‚В В  в”‚В В  в””в”Ђв”Ђ Makefile
в”‚В В  в”њв”Ђв”Ђ Makefile
в”‚В В  в”њв”Ђв”Ђ tablegen_compile_commands.yml
в”‚В В  в”њв”Ђв”Ђ test
в”‚В В  в”‚В В  в”њв”Ђв”Ђ CMakeFiles
в”‚В В  в”‚В В  в”‚В В  в”њв”Ђв”Ђ check-my-mlir.dir
в”‚В В  в”‚В В  в”‚В В  в”‚В В  в”њв”Ђв”Ђ build.make
в”‚В В  в”‚В В  в”‚В В  в”‚В В  в”њв”Ђв”Ђ cmake_clean.cmake
в”‚В В  в”‚В В  в”‚В В  в”‚В В  в”њв”Ђв”Ђ compiler_depend.make
в”‚В В  в”‚В В  в”‚В В  в”‚В В  в”њв”Ђв”Ђ compiler_depend.ts
в”‚В В  в”‚В В  в”‚В В  в”‚В В  в”њв”Ђв”Ђ DependInfo.cmake
в”‚В В  в”‚В В  в”‚В В  в”‚В В  в””в”Ђв”Ђ progress.make
в”‚В В  в”‚В В  в”‚В В  в”њв”Ђв”Ђ CMakeDirectoryInformation.cmake
в”‚В В  в”‚В В  в”‚В В  в””в”Ђв”Ђ progress.marks
в”‚В В  в”‚В В  в”њв”Ђв”Ђ cmake_install.cmake
в”‚В В  в”‚В В  в”њв”Ђв”Ђ lit.site.cfg.py
в”‚В В  в”‚В В  в””в”Ђв”Ђ Makefile
в”‚В В  в””в”Ђв”Ђ tools
в”‚В В      в”њв”Ђв”Ђ CMakeFiles
в”‚В В      в”‚В В  в”њв”Ђв”Ђ CMakeDirectoryInformation.cmake
в”‚В В      в”‚В В  в””в”Ђв”Ђ progress.marks
в”‚В В      в”њв”Ђв”Ђ cmake_install.cmake
в”‚В В      в”њв”Ђв”Ђ Makefile
в”‚В В      в””в”Ђв”Ђ my-mlir-opt
в”‚В В          в”њв”Ђв”Ђ CMakeFiles
в”‚В В          в”‚В В  в”њв”Ђв”Ђ CMakeDirectoryInformation.cmake
в”‚В В          в”‚В В  в”њв”Ђв”Ђ my-mlir-opt.dir
в”‚В В          в”‚В В  в”‚В В  в”њв”Ђв”Ђ build.make
в”‚В В          в”‚В В  в”‚В В  в”њв”Ђв”Ђ cmake_clean.cmake
в”‚В В          в”‚В В  в”‚В В  в”њв”Ђв”Ђ compiler_depend.make
в”‚В В          в”‚В В  в”‚В В  в”њв”Ђв”Ђ compiler_depend.ts
в”‚В В          в”‚В В  в”‚В В  в”њв”Ђв”Ђ DependInfo.cmake
в”‚В В          в”‚В В  в”‚В В  в”њв”Ђв”Ђ depend.make
в”‚В В          в”‚В В  в”‚В В  в”њв”Ђв”Ђ flags.make
в”‚В В          в”‚В В  в”‚В В  в”њв”Ђв”Ђ link.txt
в”‚В В          в”‚В В  в”‚В В  в””в”Ђв”Ђ progress.make
в”‚В В          в”‚В В  в””в”Ђв”Ђ progress.marks
в”‚В В          в”њв”Ђв”Ђ cmake_install.cmake
в”‚В В          в””в”Ђв”Ђ Makefile
в”њв”Ђв”Ђ CMakeLists.txt
в”њв”Ђв”Ђ examples
в”‚В В  в””в”Ђв”Ђ basic.mlir
в”њв”Ђв”Ђ include
в”‚В В  в”њв”Ђв”Ђ CMakeLists.txt
в”‚В В  в””в”Ђв”Ђ my-mlir
в”‚В В      в”њв”Ђв”Ђ CMakeLists.txt
в”‚В В      в””в”Ђв”Ђ Dialect
в”‚В В          в”њв”Ђв”Ђ CMakeLists.txt
в”‚В В          в””в”Ђв”Ђ MyDialect
в”‚В В              в”њв”Ђв”Ђ CMakeLists.txt
в”‚В В              в”њв”Ђв”Ђ Conversion
в”‚В В              в”‚В В  в”њв”Ђв”Ђ CMakeLists.txt
в”‚В В              в”‚В В  в”њв”Ђв”Ђ LowerToTarget.h
в”‚В В              в”‚В В  в””в”Ђв”Ђ Passes.h
в”‚В В              в”њв”Ђв”Ђ IR
в”‚В В              в”‚В В  в”њв”Ђв”Ђ CMakeLists.txt
в”‚В В              в”‚В В  в”њв”Ђв”Ђ MyDialectBase.td
в”‚В В              в”‚В В  в”њв”Ђв”Ђ MyDialectDialect.h
в”‚В В              в”‚В В  в”њв”Ђв”Ђ MyDialectOps.h
в”‚В В              в”‚В В  в”њв”Ђв”Ђ MyDialectOps.td
в”‚В В              в”‚В В  в”њв”Ђв”Ђ MyDialect.td
в”‚В В              в”‚В В  в”њв”Ђв”Ђ MyDialectTypes.h
в”‚В В              в”‚В В  в””в”Ђв”Ђ MyDialectTypes.td
в”‚В В              в””в”Ђв”Ђ Transforms
в”‚В В                  в”њв”Ђв”Ђ CMakeLists.txt
в”‚В В                  в”њв”Ђв”Ђ ExampleTransform.h
в”‚В В                  в”њв”Ђв”Ђ GroupedPasses.h
в”‚В В                  в”њв”Ђв”Ђ MyDialectPasses.td
в”‚В В                  в”њв”Ђв”Ђ Passes.h
в”‚В В                  в””в”Ђв”Ђ Patterns.h
в”њв”Ђв”Ђ lib
в”‚В В  в”њв”Ђв”Ђ CMakeLists.txt
в”‚В В  в””в”Ђв”Ђ Dialect
в”‚В В      в”њв”Ђв”Ђ CMakeLists.txt
в”‚В В      в””в”Ђв”Ђ MyDialect
в”‚В В          в”њв”Ђв”Ђ CMakeLists.txt
в”‚В В          в”њв”Ђв”Ђ Conversion
в”‚В В          в”‚В В  в”њв”Ђв”Ђ CMakeLists.txt
в”‚В В          в”‚В В  в”њв”Ђв”Ђ LowerToTarget.cpp
в”‚В В          в”‚В В  в””в”Ђв”Ђ Passes.cpp
в”‚В В          в”њв”Ђв”Ђ IR
в”‚В В          в”‚В В  в”њв”Ђв”Ђ CMakeLists.txt
в”‚В В          в”‚В В  в”њв”Ђв”Ђ MyDialectBase.cpp
в”‚В В          в”‚В В  в””в”Ђв”Ђ MyDialectOps.cpp
в”‚В В          в””в”Ђв”Ђ Transforms
в”‚В В              в”њв”Ђв”Ђ CMakeLists.txt
в”‚В В              в”њв”Ђв”Ђ ExampleTransform.cpp
в”‚В В              в”њв”Ђв”Ђ GroupedPasses.cpp
в”‚В В              в”њв”Ђв”Ђ MyTransform.cpp
в”‚В В              в”њв”Ђв”Ђ Passes.cpp
в”‚В В              в””в”Ђв”Ђ Patterns.cpp
в”њв”Ђв”Ђ README.md
в”њв”Ђв”Ђ test
в”‚В В  в”њв”Ђв”Ђ CMakeLists.txt
в”‚В В  в”њв”Ђв”Ђ conversion
в”‚В В  в”‚В В  в””в”Ђв”Ђ lower-to-target.mlir
в”‚В В  в”њв”Ђв”Ђ dialect
в”‚В В  в”‚В В  в””в”Ђв”Ђ parse-print.mlir
в”‚В В  в”њв”Ђв”Ђ lit.cfg.py
в”‚В В  в”њв”Ђв”Ђ lit.site.cfg.py.in
в”‚В В  в””в”Ђв”Ђ transforms
в”‚В В      в”њв”Ђв”Ђ example-transform.mlir
в”‚В В      в””в”Ђв”Ђ my-transform.mlir
в””в”Ђв”Ђ tools
    в”њв”Ђв”Ђ CMakeLists.txt
    в””в”Ђв”Ђ my-mlir-opt
        в”њв”Ђв”Ђ CMakeLists.txt
        в””в”Ђв”Ђ my-mlir-opt.cpp

86 directories, 322 files
.
в”њв”Ђв”Ђ a.out
в”њв”Ђв”Ђ build
в”‚В В  в”њв”Ђв”Ђ CMakeCache.txt
в”‚В В  в”њв”Ђв”Ђ CMakeFiles
в”‚В В  в”‚В В  в”њв”Ђв”Ђ 3.28.3
в”‚В В  в”‚В В  в”‚В В  в”њв”Ђв”Ђ CMakeCCompiler.cmake
в”‚В В  в”‚В В  в”‚В В  в”њв”Ђв”Ђ CMakeCXXCompiler.cmake
в”‚В В  в”‚В В  в”‚В В  в”њв”Ђв”Ђ CMakeDetermineCompilerABI_C.bin
в”‚В В  в”‚В В  в”‚В В  в”њв”Ђв”Ђ CMakeDetermineCompilerABI_CXX.bin
в”‚В В  в”‚В В  в”‚В В  в”њв”Ђв”Ђ CMakeSystem.cmake
в”‚В В  в”‚В В  в”‚В В  в”њв”Ђв”Ђ CompilerIdC
в”‚В В  в”‚В В  в”‚В В  в”‚В В  в”њв”Ђв”Ђ a.out
в”‚В В  в”‚В В  в”‚В В  в”‚В В  в”њв”Ђв”Ђ CMakeCCompilerId.c
в”‚В В  в”‚В В  в”‚В В  в”‚В В  в””в”Ђв”Ђ tmp
в”‚В В  в”‚В В  в”‚В В  в””в”Ђв”Ђ CompilerIdCXX
в”‚В В  в”‚В В  в”‚В В      в”њв”Ђв”Ђ a.out
в”‚В В  в”‚В В  в”‚В В      в”њв”Ђв”Ђ CMakeCXXCompilerId.cpp
в”‚В В  в”‚В В  в”‚В В      в””в”Ђв”Ђ tmp
в”‚В В  в”‚В В  в”њв”Ђв”Ђ acc_gen.dir
в”‚В В  в”‚В В  в”‚В В  в”њв”Ђв”Ђ build.make
в”‚В В  в”‚В В  в”‚В В  в”њв”Ђв”Ђ cmake_clean.cmake
в”‚В В  в”‚В В  в”‚В В  в”њв”Ђв”Ђ compiler_depend.make
в”‚В В  в”‚В В  в”‚В В  в”њв”Ђв”Ђ compiler_depend.ts
в”‚В В  в”‚В В  в”‚В В  в”њв”Ђв”Ђ DependInfo.cmake
в”‚В В  в”‚В В  в”‚В В  в””в”Ђв”Ђ progress.make
в”‚В В  в”‚В В  в”њв”Ђв”Ђ cmake.check_cache
в”‚В В  в”‚В В  в”њв”Ђв”Ђ CMakeConfigureLog.yaml
в”‚В В  в”‚В В  в”њв”Ђв”Ђ CMakeDirectoryInformation.cmake
в”‚В В  в”‚В В  в”њв”Ђв”Ђ CMakeRuleHashes.txt
в”‚В В  в”‚В В  в”њв”Ђв”Ђ CMakeScratch
в”‚В В  в”‚В В  в”њв”Ђв”Ђ intrinsics_gen.dir
в”‚В В  в”‚В В  в”‚В В  в”њв”Ђв”Ђ build.make
в”‚В В  в”‚В В  в”‚В В  в”њв”Ђв”Ђ cmake_clean.cmake
в”‚В В  в”‚В В  в”‚В В  в”њв”Ђв”Ђ compiler_depend.make
в”‚В В  в”‚В В  в”‚В В  в”њв”Ђв”Ђ compiler_depend.ts
в”‚В В  в”‚В В  в”‚В В  в”њв”Ђв”Ђ DependInfo.cmake
в”‚В В  в”‚В В  в”‚В В  в””в”Ђв”Ђ progress.make
в”‚В В  в”‚В В  в”њв”Ђв”Ђ Makefile2
в”‚В В  в”‚В В  в”њв”Ђв”Ђ Makefile.cmake
в”‚В В  в”‚В В  в”њв”Ђв”Ђ mlir-doc.dir
в”‚В В  в”‚В В  в”‚В В  в”њв”Ђв”Ђ build.make
в”‚В В  в”‚В В  в”‚В В  в”њв”Ђв”Ђ cmake_clean.cmake
в”‚В В  в”‚В В  в”‚В В  в”њв”Ђв”Ђ compiler_depend.make
в”‚В В  в”‚В В  в”‚В В  в”њв”Ђв”Ђ compiler_depend.ts
в”‚В В  в”‚В В  в”‚В В  в”њв”Ђв”Ђ DependInfo.cmake
в”‚В В  в”‚В В  в”‚В В  в””в”Ђв”Ђ progress.make
в”‚В В  в”‚В В  в”њв”Ђв”Ђ mlir-generic-headers.dir
в”‚В В  в”‚В В  в”‚В В  в”њв”Ђв”Ђ build.make
в”‚В В  в”‚В В  в”‚В В  в”њв”Ђв”Ђ cmake_clean.cmake
в”‚В В  в”‚В В  в”‚В В  в”њв”Ђв”Ђ compiler_depend.make
в”‚В В  в”‚В В  в”‚В В  в”њв”Ђв”Ђ compiler_depend.ts
в”‚В В  в”‚В В  в”‚В В  в”њв”Ђв”Ђ DependInfo.cmake
в”‚В В  в”‚В В  в”‚В В  в””в”Ђв”Ђ progress.make
в”‚В В  в”‚В В  в”њв”Ђв”Ђ mlir-headers.dir
в”‚В В  в”‚В В  в”‚В В  в”њв”Ђв”Ђ build.make
в”‚В В  в”‚В В  в”‚В В  в”њв”Ђв”Ђ cmake_clean.cmake
в”‚В В  в”‚В В  в”‚В В  в”њв”Ђв”Ђ compiler_depend.make
в”‚В В  в”‚В В  в”‚В В  в”њв”Ђв”Ђ compiler_depend.ts
в”‚В В  в”‚В В  в”‚В В  в”њв”Ђв”Ђ DependInfo.cmake
в”‚В В  в”‚В В  в”‚В В  в””в”Ђв”Ђ progress.make
в”‚В В  в”‚В В  в”њв”Ђв”Ђ mlir-tablegen-targets.dir
в”‚В В  в”‚В В  в”‚В В  в”њв”Ђв”Ђ build.make
в”‚В В  в”‚В В  в”‚В В  в”њв”Ђв”Ђ cmake_clean.cmake
в”‚В В  в”‚В В  в”‚В В  в”њв”Ђв”Ђ compiler_depend.make
в”‚В В  в”‚В В  в”‚В В  в”њв”Ђв”Ђ compiler_depend.ts
в”‚В В  в”‚В В  в”‚В В  в”њв”Ђв”Ђ DependInfo.cmake
в”‚В В  в”‚В В  в”‚В В  в””в”Ђв”Ђ progress.make
в”‚В В  в”‚В В  в”њв”Ђв”Ђ omp_gen.dir
в”‚В В  в”‚В В  в”‚В В  в”њв”Ђв”Ђ build.make
в”‚В В  в”‚В В  в”‚В В  в”њв”Ђв”Ђ cmake_clean.cmake
в”‚В В  в”‚В В  в”‚В В  в”њв”Ђв”Ђ compiler_depend.make
в”‚В В  в”‚В В  в”‚В В  в”њв”Ђв”Ђ compiler_depend.ts
в”‚В В  в”‚В В  в”‚В В  в”њв”Ђв”Ђ DependInfo.cmake
в”‚В В  в”‚В В  в”‚В В  в””в”Ђв”Ђ progress.make
в”‚В В  в”‚В В  в”њв”Ђв”Ђ pkgRedirects
в”‚В В  в”‚В В  в”њв”Ђв”Ђ Progress
в”‚В В  в”‚В В  в”‚В В  в”њв”Ђв”Ђ 14
в”‚В В  в”‚В В  в”‚В В  в”њв”Ђв”Ђ 19
в”‚В В  в”‚В В  в”‚В В  в”њв”Ђв”Ђ 20
в”‚В В  в”‚В В  в”‚В В  в”њв”Ђв”Ђ 3
в”‚В В  в”‚В В  в”‚В В  в”њв”Ђв”Ђ 4
в”‚В В  в”‚В В  в”‚В В  в”њв”Ђв”Ђ 5
в”‚В В  в”‚В В  в”‚В В  в”њв”Ђв”Ђ 6
в”‚В В  в”‚В В  в”‚В В  в”њв”Ђв”Ђ 7
в”‚В В  в”‚В В  в”‚В В  в”њв”Ђв”Ђ 8
в”‚В В  в”‚В В  в”‚В В  в””в”Ђв”Ђ count.txt
в”‚В В  в”‚В В  в”њв”Ђв”Ђ progress.marks
в”‚В В  в”‚В В  в”њв”Ђв”Ђ RISCVTargetParserTableGen.dir
в”‚В В  в”‚В В  в”‚В В  в”њв”Ђв”Ђ build.make
в”‚В В  в”‚В В  в”‚В В  в”њв”Ђв”Ђ cmake_clean.cmake
в”‚В В  в”‚В В  в”‚В В  в”њв”Ђв”Ђ compiler_depend.make
в”‚В В  в”‚В В  в”‚В В  в”њв”Ђв”Ђ compiler_depend.ts
в”‚В В  в”‚В В  в”‚В В  в”њв”Ђв”Ђ DependInfo.cmake
в”‚В В  в”‚В В  в”‚В В  в””в”Ђв”Ђ progress.make
в”‚В В  в”‚В В  в””в”Ђв”Ђ TargetDirectories.txt
в”‚В В  в”њв”Ђв”Ђ cmake_install.cmake
в”‚В В  в”њв”Ђв”Ђ include
в”‚В В  в”‚В В  в”њв”Ђв”Ђ CMakeFiles
в”‚В В  в”‚В В  в”‚В В  в”њв”Ђв”Ђ CMakeDirectoryInformation.cmake
в”‚В В  в”‚В В  в”‚В В  в””в”Ђв”Ђ progress.marks
в”‚В В  в”‚В В  в”њв”Ђв”Ђ cmake_install.cmake
в”‚В В  в”‚В В  в”њв”Ђв”Ђ Makefile
в”‚В В  в”‚В В  в””в”Ђв”Ђ my-mlir
в”‚В В  в”‚В В      в”њв”Ђв”Ђ CMakeFiles
в”‚В В  в”‚В В      в”‚В В  в”њв”Ђв”Ђ CMakeDirectoryInformation.cmake
в”‚В В  в”‚В В      в”‚В В  в””в”Ђв”Ђ progress.marks
в”‚В В  в”‚В В      в”њв”Ђв”Ђ cmake_install.cmake
в”‚В В  в”‚В В      в”њв”Ђв”Ђ Dialect
в”‚В В  в”‚В В      в”‚В В  в”њв”Ђв”Ђ CMakeFiles
в”‚В В  в”‚В В      в”‚В В  в”‚В В  в”њв”Ђв”Ђ CMakeDirectoryInformation.cmake
в”‚В В  в”‚В В      в”‚В В  в”‚В В  в””в”Ђв”Ђ progress.marks
в”‚В В  в”‚В В      в”‚В В  в”њв”Ђв”Ђ cmake_install.cmake
в”‚В В  в”‚В В      в”‚В В  в”њв”Ђв”Ђ Makefile
в”‚В В  в”‚В В      в”‚В В  в””в”Ђв”Ђ MyDialect
в”‚В В  в”‚В В      в”‚В В      в”њв”Ђв”Ђ CMakeFiles
в”‚В В  в”‚В В      в”‚В В      в”‚В В  в”њв”Ђв”Ђ CMakeDirectoryInformation.cmake
в”‚В В  в”‚В В      в”‚В В      в”‚В В  в””в”Ђв”Ђ progress.marks
в”‚В В  в”‚В В      в”‚В В      в”њв”Ђв”Ђ cmake_install.cmake
в”‚В В  в”‚В В      в”‚В В      в”њв”Ђв”Ђ Conversion
в”‚В В  в”‚В В      в”‚В В      в”‚В В  в”њв”Ђв”Ђ CMakeFiles
в”‚В В  в”‚В В      в”‚В В      в”‚В В  в”‚В В  в”њв”Ђв”Ђ CMakeDirectoryInformation.cmake
в”‚В В  в”‚В В      в”‚В В      в”‚В В  в”‚В В  в””в”Ђв”Ђ progress.marks
в”‚В В  в”‚В В      в”‚В В      в”‚В В  в”њв”Ђв”Ђ cmake_install.cmake
в”‚В В  в”‚В В      в”‚В В      в”‚В В  в””в”Ђв”Ђ Makefile
в”‚В В  в”‚В В      в”‚В В      в”њв”Ђв”Ђ IR
в”‚В В  в”‚В В      в”‚В В      в”‚В В  в”њв”Ђв”Ђ CMakeFiles
в”‚В В  в”‚В В      в”‚В В      в”‚В В  в”‚В В  в”њв”Ђв”Ђ CMakeDirectoryInformation.cmake
в”‚В В  в”‚В В      в”‚В В      в”‚В В  в”‚В В  в”њв”Ђв”Ђ MyDialectIRIncGen.dir
в”‚В В  в”‚В В      в”‚В В      в”‚В В  в”‚В В  в”‚В В  в”њв”Ђв”Ђ build.make
в”‚В В  в”‚В В      в”‚В В      в”‚В В  в”‚В В  в”‚В В  в”њв”Ђв”Ђ cmake_clean.cmake
в”‚В В  в”‚В В      в”‚В В      в”‚В В  в”‚В В  в”‚В В  в”њв”Ђв”Ђ compiler_depend.make
в”‚В В  в”‚В В      в”‚В В      в”‚В В  в”‚В В  в”‚В В  в”њв”Ђв”Ђ compiler_depend.ts
в”‚В В  в”‚В В      в”‚В В      в”‚В В  в”‚В В  в”‚В В  в”њв”Ђв”Ђ DependInfo.cmake
в”‚В В  в”‚В В      в”‚В В      в”‚В В  в”‚В В  в”‚В В  в””в”Ђв”Ђ progress.make
в”‚В В  в”‚В В      в”‚В В      в”‚В В  в”‚В В  в””в”Ђв”Ђ progress.marks
в”‚В В  в”‚В В      в”‚В В      в”‚В В  в”њв”Ђв”Ђ cmake_install.cmake
в”‚В В  в”‚В В      в”‚В В      в”‚В В  в”њв”Ђв”Ђ Makefile
в”‚В В  в”‚В В      в”‚В В      в”‚В В  в”њв”Ђв”Ђ MyDialectBase.cpp.inc
в”‚В В  в”‚В В      в”‚В В      в”‚В В  в”њв”Ђв”Ђ MyDialectBase.h.inc
в”‚В В  в”‚В В      в”‚В В      в”‚В В  в”њв”Ђв”Ђ MyDialectOps.cpp.inc
в”‚В В  в”‚В В      в”‚В В      в”‚В В  в””в”Ђв”Ђ MyDialectOps.h.inc
в”‚В В  в”‚В В      в”‚В В      в”њв”Ђв”Ђ Makefile
в”‚В В  в”‚В В      в”‚В В      в””в”Ђв”Ђ Transforms
в”‚В В  в”‚В В      в”‚В В          в”њв”Ђв”Ђ CMakeFiles
в”‚В В  в”‚В В      в”‚В В          в”‚В В  в”њв”Ђв”Ђ CMakeDirectoryInformation.cmake
в”‚В В  в”‚В В      в”‚В В          в”‚В В  в””в”Ђв”Ђ progress.marks
в”‚В В  в”‚В В      в”‚В В          в”њв”Ђв”Ђ cmake_install.cmake
в”‚В В  в”‚В В      в”‚В В          в””в”Ђв”Ђ Makefile
в”‚В В  в”‚В В      в””в”Ђв”Ђ Makefile
в”‚В В  в”њв”Ђв”Ђ lib
в”‚В В  в”‚В В  в”њв”Ђв”Ђ CMakeFiles
в”‚В В  в”‚В В  в”‚В В  в”њв”Ђв”Ђ CMakeDirectoryInformation.cmake
в”‚В В  в”‚В В  в”‚В В  в””в”Ђв”Ђ progress.marks
в”‚В В  в”‚В В  в”њв”Ђв”Ђ cmake_install.cmake
в”‚В В  в”‚В В  в”њв”Ђв”Ђ Dialect
в”‚В В  в”‚В В  в”‚В В  в”њв”Ђв”Ђ CMakeFiles
в”‚В В  в”‚В В  в”‚В В  в”‚В В  в”њв”Ђв”Ђ CMakeDirectoryInformation.cmake
в”‚В В  в”‚В В  в”‚В В  в”‚В В  в””в”Ђв”Ђ progress.marks
в”‚В В  в”‚В В  в”‚В В  в”њв”Ђв”Ђ cmake_install.cmake
в”‚В В  в”‚В В  в”‚В В  в”њв”Ђв”Ђ Makefile
в”‚В В  в”‚В В  в”‚В В  в””в”Ђв”Ђ MyDialect
в”‚В В  в”‚В В  в”‚В В      в”њв”Ђв”Ђ CMakeFiles
в”‚В В  в”‚В В  в”‚В В      в”‚В В  в”њв”Ђв”Ђ CMakeDirectoryInformation.cmake
в”‚В В  в”‚В В  в”‚В В      в”‚В В  в””в”Ђв”Ђ progress.marks
в”‚В В  в”‚В В  в”‚В В      в”њв”Ђв”Ђ cmake_install.cmake
в”‚В В  в”‚В В  в”‚В В      в”њв”Ђв”Ђ Conversion
в”‚В В  в”‚В В  в”‚В В      в”‚В В  в”њв”Ђв”Ђ CMakeFiles
в”‚В В  в”‚В В  в”‚В В      в”‚В В  в”‚В В  в”њв”Ђв”Ђ CMakeDirectoryInformation.cmake
в”‚В В  в”‚В В  в”‚В В      в”‚В В  в”‚В В  в”њв”Ђв”Ђ install-MLIRMyDialectConversion.dir
в”‚В В  в”‚В В  в”‚В В      в”‚В В  в”‚В В  в”‚В В  в”њв”Ђв”Ђ build.make
в”‚В В  в”‚В В  в”‚В В      в”‚В В  в”‚В В  в”‚В В  в”њв”Ђв”Ђ cmake_clean.cmake
в”‚В В  в”‚В В  в”‚В В      в”‚В В  в”‚В В  в”‚В В  в”њв”Ђв”Ђ compiler_depend.make
в”‚В В  в”‚В В  в”‚В В      в”‚В В  в”‚В В  в”‚В В  в”њв”Ђв”Ђ compiler_depend.ts
в”‚В В  в”‚В В  в”‚В В      в”‚В В  в”‚В В  в”‚В В  в”њв”Ђв”Ђ DependInfo.cmake
в”‚В В  в”‚В В  в”‚В В      в”‚В В  в”‚В В  в”‚В В  в””в”Ђв”Ђ progress.make
в”‚В В  в”‚В В  в”‚В В      в”‚В В  в”‚В В  в”њв”Ђв”Ђ install-MLIRMyDialectConversion-stripped.dir
в”‚В В  в”‚В В  в”‚В В      в”‚В В  в”‚В В  в”‚В В  в”њв”Ђв”Ђ build.make
в”‚В В  в”‚В В  в”‚В В      в”‚В В  в”‚В В  в”‚В В  в”њв”Ђв”Ђ cmake_clean.cmake
в”‚В В  в”‚В В  в”‚В В      в”‚В В  в”‚В В  в”‚В В  в”њв”Ђв”Ђ compiler_depend.make
в”‚В В  в”‚В В  в”‚В В      в”‚В В  в”‚В В  в”‚В В  в”њв”Ђв”Ђ compiler_depend.ts
в”‚В В  в”‚В В  в”‚В В      в”‚В В  в”‚В В  в”‚В В  в”њв”Ђв”Ђ DependInfo.cmake
в”‚В В  в”‚В В  в”‚В В      в”‚В В  в”‚В В  в”‚В В  в””в”Ђв”Ђ progress.make
в”‚В В  в”‚В В  в”‚В В      в”‚В В  в”‚В В  в”њв”Ђв”Ђ MLIRMyDialectConversion.dir
в”‚В В  в”‚В В  в”‚В В      в”‚В В  в”‚В В  в”‚В В  в”њв”Ђв”Ђ build.make
в”‚В В  в”‚В В  в”‚В В      в”‚В В  в”‚В В  в”‚В В  в”њв”Ђв”Ђ cmake_clean.cmake
в”‚В В  в”‚В В  в”‚В В      в”‚В В  в”‚В В  в”‚В В  в”њв”Ђв”Ђ cmake_clean_target.cmake
в”‚В В  в”‚В В  в”‚В В      в”‚В В  в”‚В В  в”‚В В  в”њв”Ђв”Ђ compiler_depend.make
в”‚В В  в”‚В В  в”‚В В      в”‚В В  в”‚В В  в”‚В В  в”њв”Ђв”Ђ compiler_depend.ts
в”‚В В  в”‚В В  в”‚В В      в”‚В В  в”‚В В  в”‚В В  в”њв”Ђв”Ђ DependInfo.cmake
в”‚В В  в”‚В В  в”‚В В      в”‚В В  в”‚В В  в”‚В В  в”њв”Ђв”Ђ depend.make
в”‚В В  в”‚В В  в”‚В В      в”‚В В  в”‚В В  в”‚В В  в”њв”Ђв”Ђ flags.make
в”‚В В  в”‚В В  в”‚В В      в”‚В В  в”‚В В  в”‚В В  в”њв”Ђв”Ђ link.txt
в”‚В В  в”‚В В  в”‚В В      в”‚В В  в”‚В В  в”‚В В  в””в”Ђв”Ђ progress.make
в”‚В В  в”‚В В  в”‚В В      в”‚В В  в”‚В В  в”њв”Ђв”Ђ obj.MLIRMyDialectConversion.dir
в”‚В В  в”‚В В  в”‚В В      в”‚В В  в”‚В В  в”‚В В  в”њв”Ђв”Ђ build.make
в”‚В В  в”‚В В  в”‚В В      в”‚В В  в”‚В В  в”‚В В  в”њв”Ђв”Ђ cmake_clean.cmake
в”‚В В  в”‚В В  в”‚В В      в”‚В В  в”‚В В  в”‚В В  в”њв”Ђв”Ђ compiler_depend.make
в”‚В В  в”‚В В  в”‚В В      в”‚В В  в”‚В В  в”‚В В  в”њв”Ђв”Ђ compiler_depend.ts
в”‚В В  в”‚В В  в”‚В В      в”‚В В  в”‚В В  в”‚В В  в”њв”Ђв”Ђ DependInfo.cmake
в”‚В В  в”‚В В  в”‚В В      в”‚В В  в”‚В В  в”‚В В  в”њв”Ђв”Ђ depend.make
в”‚В В  в”‚В В  в”‚В В      в”‚В В  в”‚В В  в”‚В В  в”њв”Ђв”Ђ flags.make
в”‚В В  в”‚В В  в”‚В В      в”‚В В  в”‚В В  в”‚В В  в””в”Ђв”Ђ progress.make
в”‚В В  в”‚В В  в”‚В В      в”‚В В  в”‚В В  в””в”Ђв”Ђ progress.marks
в”‚В В  в”‚В В  в”‚В В      в”‚В В  в”њв”Ђв”Ђ cmake_install.cmake
в”‚В В  в”‚В В  в”‚В В      в”‚В В  в””в”Ђв”Ђ Makefile
в”‚В В  в”‚В В  в”‚В В      в”њв”Ђв”Ђ IR
в”‚В В  в”‚В В  в”‚В В      в”‚В В  в”њв”Ђв”Ђ CMakeFiles
в”‚В В  в”‚В В  в”‚В В      в”‚В В  в”‚В В  в”њв”Ђв”Ђ CMakeDirectoryInformation.cmake
в”‚В В  в”‚В В  в”‚В В      в”‚В В  в”‚В В  в”њв”Ђв”Ђ install-MyDialectIR.dir
в”‚В В  в”‚В В  в”‚В В      в”‚В В  в”‚В В  в”‚В В  в”њв”Ђв”Ђ build.make
в”‚В В  в”‚В В  в”‚В В      в”‚В В  в”‚В В  в”‚В В  в”њв”Ђв”Ђ cmake_clean.cmake
в”‚В В  в”‚В В  в”‚В В      в”‚В В  в”‚В В  в”‚В В  в”њв”Ђв”Ђ compiler_depend.make
в”‚В В  в”‚В В  в”‚В В      в”‚В В  в”‚В В  в”‚В В  в”њв”Ђв”Ђ compiler_depend.ts
в”‚В В  в”‚В В  в”‚В В      в”‚В В  в”‚В В  в”‚В В  в”њв”Ђв”Ђ DependInfo.cmake
в”‚В В  в”‚В В  в”‚В В      в”‚В В  в”‚В В  в”‚В В  в””в”Ђв”Ђ progress.make
в”‚В В  в”‚В В  в”‚В В      в”‚В В  в”‚В В  в”њв”Ђв”Ђ install-MyDialectIR-stripped.dir
в”‚В В  в”‚В В  в”‚В В      в”‚В В  в”‚В В  в”‚В В  в”њв”Ђв”Ђ build.make
в”‚В В  в”‚В В  в”‚В В      в”‚В В  в”‚В В  в”‚В В  в”њв”Ђв”Ђ cmake_clean.cmake
в”‚В В  в”‚В В  в”‚В В      в”‚В В  в”‚В В  в”‚В В  в”њв”Ђв”Ђ compiler_depend.make
в”‚В В  в”‚В В  в”‚В В      в”‚В В  в”‚В В  в”‚В В  в”њв”Ђв”Ђ compiler_depend.ts
в”‚В В  в”‚В В  в”‚В В      в”‚В В  в”‚В В  в”‚В В  в”њв”Ђв”Ђ DependInfo.cmake
в”‚В В  в”‚В В  в”‚В В      в”‚В В  в”‚В В  в”‚В В  в””в”Ђв”Ђ progress.make
в”‚В В  в”‚В В  в”‚В В      в”‚В В  в”‚В В  в”њв”Ђв”Ђ MyDialectIR.dir
в”‚В В  в”‚В В  в”‚В В      в”‚В В  в”‚В В  в”‚В В  в”њв”Ђв”Ђ build.make
в”‚В В  в”‚В В  в”‚В В      в”‚В В  в”‚В В  в”‚В В  в”њв”Ђв”Ђ cmake_clean.cmake
в”‚В В  в”‚В В  в”‚В В      в”‚В В  в”‚В В  в”‚В В  в”њв”Ђв”Ђ cmake_clean_target.cmake
в”‚В В  в”‚В В  в”‚В В      в”‚В В  в”‚В В  в”‚В В  в”њв”Ђв”Ђ compiler_depend.make
в”‚В В  в”‚В В  в”‚В В      в”‚В В  в”‚В В  в”‚В В  в”њв”Ђв”Ђ compiler_depend.ts
в”‚В В  в”‚В В  в”‚В В      в”‚В В  в”‚В В  в”‚В В  в”њв”Ђв”Ђ DependInfo.cmake
в”‚В В  в”‚В В  в”‚В В      в”‚В В  в”‚В В  в”‚В В  в”њв”Ђв”Ђ depend.make
в”‚В В  в”‚В В  в”‚В В      в”‚В В  в”‚В В  в”‚В В  в”њв”Ђв”Ђ flags.make
в”‚В В  в”‚В В  в”‚В В      в”‚В В  в”‚В В  в”‚В В  в”њв”Ђв”Ђ link.txt
в”‚В В  в”‚В В  в”‚В В      в”‚В В  в”‚В В  в”‚В В  в””в”Ђв”Ђ progress.make
в”‚В В  в”‚В В  в”‚В В      в”‚В В  в”‚В В  в”њв”Ђв”Ђ obj.MyDialectIR.dir
в”‚В В  в”‚В В  в”‚В В      в”‚В В  в”‚В В  в”‚В В  в”њв”Ђв”Ђ build.make
в”‚В В  в”‚В В  в”‚В В      в”‚В В  в”‚В В  в”‚В В  в”њв”Ђв”Ђ cmake_clean.cmake
в”‚В В  в”‚В В  в”‚В В      в”‚В В  в”‚В В  в”‚В В  в”њв”Ђв”Ђ compiler_depend.make
в”‚В В  в”‚В В  в”‚В В      в”‚В В  в”‚В В  в”‚В В  в”њв”Ђв”Ђ compiler_depend.ts
в”‚В В  в”‚В В  в”‚В В      в”‚В В  в”‚В В  в”‚В В  в”њв”Ђв”Ђ DependInfo.cmake
в”‚В В  в”‚В В  в”‚В В      в”‚В В  в”‚В В  в”‚В В  в”њв”Ђв”Ђ depend.make
в”‚В В  в”‚В В  в”‚В В      в”‚В В  в”‚В В  в”‚В В  в”њв”Ђв”Ђ flags.make
в”‚В В  в”‚В В  в”‚В В      в”‚В В  в”‚В В  в”‚В В  в”њв”Ђв”Ђ MyDialectBase.cpp.o
в”‚В В  в”‚В В  в”‚В В      в”‚В В  в”‚В В  в”‚В В  в”њв”Ђв”Ђ MyDialectBase.cpp.o.d
в”‚В В  в”‚В В  в”‚В В      в”‚В В  в”‚В В  в”‚В В  в”њв”Ђв”Ђ MyDialectOps.cpp.o
в”‚В В  в”‚В В  в”‚В В      в”‚В В  в”‚В В  в”‚В В  в”њв”Ђв”Ђ MyDialectOps.cpp.o.d
в”‚В В  в”‚В В  в”‚В В      в”‚В В  в”‚В В  в”‚В В  в””в”Ђв”Ђ progress.make
в”‚В В  в”‚В В  в”‚В В      в”‚В В  в”‚В В  в””в”Ђв”Ђ progress.marks
в”‚В В  в”‚В В  в”‚В В      в”‚В В  в”њв”Ђв”Ђ cmake_install.cmake
в”‚В В  в”‚В В  в”‚В В      в”‚В В  в”њв”Ђв”Ђ libMyDialectIR.a
в”‚В В  в”‚В В  в”‚В В      в”‚В В  в””в”Ђв”Ђ Makefile
в”‚В В  в”‚В В  в”‚В В      в”њв”Ђв”Ђ Makefile
в”‚В В  в”‚В В  в”‚В В      в””в”Ђв”Ђ Transforms
в”‚В В  в”‚В В  в”‚В В          в”њв”Ђв”Ђ CMakeFiles
в”‚В В  в”‚В В  в”‚В В          в”‚В В  в”њв”Ђв”Ђ CMakeDirectoryInformation.cmake
в”‚В В  в”‚В В  в”‚В В          в”‚В В  в”њв”Ђв”Ђ install-MLIRMyDialectTransforms.dir
в”‚В В  в”‚В В  в”‚В В          в”‚В В  в”‚В В  в”њв”Ђв”Ђ build.make
в”‚В В  в”‚В В  в”‚В В          в”‚В В  в”‚В В  в”њв”Ђв”Ђ cmake_clean.cmake
в”‚В В  в”‚В В  в”‚В В          в”‚В В  в”‚В В  в”њв”Ђв”Ђ compiler_depend.make
в”‚В В  в”‚В В  в”‚В В          в”‚В В  в”‚В В  в”њв”Ђв”Ђ compiler_depend.ts
в”‚В В  в”‚В В  в”‚В В          в”‚В В  в”‚В В  в”њв”Ђв”Ђ DependInfo.cmake
в”‚В В  в”‚В В  в”‚В В          в”‚В В  в”‚В В  в””в”Ђв”Ђ progress.make
в”‚В В  в”‚В В  в”‚В В          в”‚В В  в”њв”Ђв”Ђ install-MLIRMyDialectTransforms-stripped.dir
в”‚В В  в”‚В В  в”‚В В          в”‚В В  в”‚В В  в”њв”Ђв”Ђ build.make
в”‚В В  в”‚В В  в”‚В В          в”‚В В  в”‚В В  в”њв”Ђв”Ђ cmake_clean.cmake
в”‚В В  в”‚В В  в”‚В В          в”‚В В  в”‚В В  в”њв”Ђв”Ђ compiler_depend.make
в”‚В В  в”‚В В  в”‚В В          в”‚В В  в”‚В В  в”њв”Ђв”Ђ compiler_depend.ts
в”‚В В  в”‚В В  в”‚В В          в”‚В В  в”‚В В  в”њв”Ђв”Ђ DependInfo.cmake
в”‚В В  в”‚В В  в”‚В В          в”‚В В  в”‚В В  в””в”Ђв”Ђ progress.make
в”‚В В  в”‚В В  в”‚В В          в”‚В В  в”њв”Ђв”Ђ MLIRMyDialectTransforms.dir
в”‚В В  в”‚В В  в”‚В В          в”‚В В  в”‚В В  в”њв”Ђв”Ђ build.make
в”‚В В  в”‚В В  в”‚В В          в”‚В В  в”‚В В  в”њв”Ђв”Ђ cmake_clean.cmake
в”‚В В  в”‚В В  в”‚В В          в”‚В В  в”‚В В  в”њв”Ђв”Ђ cmake_clean_target.cmake
в”‚В В  в”‚В В  в”‚В В          в”‚В В  в”‚В В  в”њв”Ђв”Ђ compiler_depend.make
в”‚В В  в”‚В В  в”‚В В          в”‚В В  в”‚В В  в”њв”Ђв”Ђ compiler_depend.ts
в”‚В В  в”‚В В  в”‚В В          в”‚В В  в”‚В В  в”њв”Ђв”Ђ DependInfo.cmake
в”‚В В  в”‚В В  в”‚В В          в”‚В В  в”‚В В  в”њв”Ђв”Ђ depend.make
в”‚В В  в”‚В В  в”‚В В          в”‚В В  в”‚В В  в”њв”Ђв”Ђ flags.make
в”‚В В  в”‚В В  в”‚В В          в”‚В В  в”‚В В  в”њв”Ђв”Ђ link.txt
в”‚В В  в”‚В В  в”‚В В          в”‚В В  в”‚В В  в””в”Ђв”Ђ progress.make
в”‚В В  в”‚В В  в”‚В В          в”‚В В  в”њв”Ђв”Ђ MyDialectPasses.h.inc.dir
в”‚В В  в”‚В В  в”‚В В          в”‚В В  в”‚В В  в”њв”Ђв”Ђ build.make
в”‚В В  в”‚В В  в”‚В В          в”‚В В  в”‚В В  в”њв”Ђв”Ђ cmake_clean.cmake
в”‚В В  в”‚В В  в”‚В В          в”‚В В  в”‚В В  в”њв”Ђв”Ђ compiler_depend.make
в”‚В В  в”‚В В  в”‚В В          в”‚В В  в”‚В В  в”њв”Ђв”Ђ compiler_depend.ts
в”‚В В  в”‚В В  в”‚В В          в”‚В В  в”‚В В  в”њв”Ђв”Ђ DependInfo.cmake
в”‚В В  в”‚В В  в”‚В В          в”‚В В  в”‚В В  в””в”Ђв”Ђ progress.make
в”‚В В  в”‚В В  в”‚В В          в”‚В В  в”њв”Ђв”Ђ obj.MLIRMyDialectTransforms.dir
в”‚В В  в”‚В В  в”‚В В          в”‚В В  в”‚В В  в”њв”Ђв”Ђ build.make
в”‚В В  в”‚В В  в”‚В В          в”‚В В  в”‚В В  в”њв”Ђв”Ђ cmake_clean.cmake
в”‚В В  в”‚В В  в”‚В В          в”‚В В  в”‚В В  в”њв”Ђв”Ђ compiler_depend.make
в”‚В В  в”‚В В  в”‚В В          в”‚В В  в”‚В В  в”њв”Ђв”Ђ compiler_depend.ts
в”‚В В  в”‚В В  в”‚В В          в”‚В В  в”‚В В  в”њв”Ђв”Ђ DependInfo.cmake
в”‚В В  в”‚В В  в”‚В В          в”‚В В  в”‚В В  в”њв”Ђв”Ђ depend.make
в”‚В В  в”‚В В  в”‚В В          в”‚В В  в”‚В В  в”њв”Ђв”Ђ flags.make
в”‚В В  в”‚В В  в”‚В В          в”‚В В  в”‚В В  в””в”Ђв”Ђ progress.make
в”‚В В  в”‚В В  в”‚В В          в”‚В В  в””в”Ђв”Ђ progress.marks
в”‚В В  в”‚В В  в”‚В В          в”њв”Ђв”Ђ cmake_install.cmake
в”‚В В  в”‚В В  в”‚В В          в”њв”Ђв”Ђ Makefile
в”‚В В  в”‚В В  в”‚В В          в””в”Ђв”Ђ MyDialectPasses.h.inc
в”‚В В  в”‚В В  в””в”Ђв”Ђ Makefile
в”‚В В  в”њв”Ђв”Ђ Makefile
в”‚В В  в”њв”Ђв”Ђ tablegen_compile_commands.yml
в”‚В В  в”њв”Ђв”Ђ test
в”‚В В  в”‚В В  в”њв”Ђв”Ђ CMakeFiles
в”‚В В  в”‚В В  в”‚В В  в”њв”Ђв”Ђ check-my-mlir.dir
в”‚В В  в”‚В В  в”‚В В  в”‚В В  в”њв”Ђв”Ђ build.make
в”‚В В  в”‚В В  в”‚В В  в”‚В В  в”њв”Ђв”Ђ cmake_clean.cmake
в”‚В В  в”‚В В  в”‚В В  в”‚В В  в”њв”Ђв”Ђ compiler_depend.make
в”‚В В  в”‚В В  в”‚В В  в”‚В В  в”њв”Ђв”Ђ compiler_depend.ts
в”‚В В  в”‚В В  в”‚В В  в”‚В В  в”њв”Ђв”Ђ DependInfo.cmake
в”‚В В  в”‚В В  в”‚В В  в”‚В В  в””в”Ђв”Ђ progress.make
в”‚В В  в”‚В В  в”‚В В  в”њв”Ђв”Ђ CMakeDirectoryInformation.cmake
в”‚В В  в”‚В В  в”‚В В  в””в”Ђв”Ђ progress.marks
в”‚В В  в”‚В В  в”њв”Ђв”Ђ cmake_install.cmake
в”‚В В  в”‚В В  в”њв”Ђв”Ђ lit.site.cfg.py
в”‚В В  в”‚В В  в””в”Ђв”Ђ Makefile
в”‚В В  в””в”Ђв”Ђ tools
в”‚В В      в”њв”Ђв”Ђ CMakeFiles
в”‚В В      в”‚В В  в”њв”Ђв”Ђ CMakeDirectoryInformation.cmake
в”‚В В      в”‚В В  в””в”Ђв”Ђ progress.marks
в”‚В В      в”њв”Ђв”Ђ cmake_install.cmake
в”‚В В      в”њв”Ђв”Ђ Makefile
в”‚В В      в””в”Ђв”Ђ my-mlir-opt
в”‚В В          в”њв”Ђв”Ђ CMakeFiles
в”‚В В          в”‚В В  в”њв”Ђв”Ђ CMakeDirectoryInformation.cmake
в”‚В В          в”‚В В  в”њв”Ђв”Ђ my-mlir-opt.dir
в”‚В В          в”‚В В  в”‚В В  в”њв”Ђв”Ђ build.make
в”‚В В          в”‚В В  в”‚В В  в”њв”Ђв”Ђ cmake_clean.cmake
в”‚В В          в”‚В В  в”‚В В  в”њв”Ђв”Ђ compiler_depend.make
в”‚В В          в”‚В В  в”‚В В  в”њв”Ђв”Ђ compiler_depend.ts
в”‚В В          в”‚В В  в”‚В В  в”њв”Ђв”Ђ DependInfo.cmake
в”‚В В          в”‚В В  в”‚В В  в”њв”Ђв”Ђ depend.make
в”‚В В          в”‚В В  в”‚В В  в”њв”Ђв”Ђ flags.make
в”‚В В          в”‚В В  в”‚В В  в”њв”Ђв”Ђ link.txt
в”‚В В          в”‚В В  в”‚В В  в””в”Ђв”Ђ progress.make
в”‚В В          в”‚В В  в””в”Ђв”Ђ progress.marks
в”‚В В          в”њв”Ђв”Ђ cmake_install.cmake
в”‚В В          в””в”Ђв”Ђ Makefile
в”њв”Ђв”Ђ CMakeLists.txt
в”њв”Ђв”Ђ examples
в”‚В В  в””в”Ђв”Ђ basic.mlir
в”њв”Ђв”Ђ include
в”‚В В  в”њв”Ђв”Ђ CMakeLists.txt
в”‚В В  в””в”Ђв”Ђ my-mlir
в”‚В В      в”њв”Ђв”Ђ CMakeLists.txt
в”‚В В      в””в”Ђв”Ђ Dialect
в”‚В В          в”њв”Ђв”Ђ CMakeLists.txt
в”‚В В          в””в”Ђв”Ђ MyDialect
в”‚В В              в”њв”Ђв”Ђ CMakeLists.txt
в”‚В В              в”њв”Ђв”Ђ Conversion
в”‚В В              в”‚В В  в”њв”Ђв”Ђ CMakeLists.txt
в”‚В В              в”‚В В  в”њв”Ђв”Ђ LowerToTarget.h
в”‚В В              в”‚В В  в””в”Ђв”Ђ Passes.h
в”‚В В              в”њв”Ђв”Ђ IR
в”‚В В              в”‚В В  в”њв”Ђв”Ђ CMakeLists.txt
в”‚В В              в”‚В В  в”њв”Ђв”Ђ MyDialectBase.td
в”‚В В              в”‚В В  в”њв”Ђв”Ђ MyDialectDialect.h
в”‚В В              в”‚В В  в”њв”Ђв”Ђ MyDialectOps.h
в”‚В В              в”‚В В  в”њв”Ђв”Ђ MyDialectOps.td
в”‚В В              в”‚В В  в”њв”Ђв”Ђ MyDialect.td
в”‚В В              в”‚В В  в”њв”Ђв”Ђ MyDialectTypes.h
в”‚В В              в”‚В В  в””в”Ђв”Ђ MyDialectTypes.td
в”‚В В              в””в”Ђв”Ђ Transforms
в”‚В В                  в”њв”Ђв”Ђ CMakeLists.txt
в”‚В В                  в”њв”Ђв”Ђ ExampleTransform.h
в”‚В В                  в”њв”Ђв”Ђ GroupedPasses.h
в”‚В В                  в”њв”Ђв”Ђ MyDialectPasses.td
в”‚В В                  в”њв”Ђв”Ђ Passes.h
в”‚В В                  в””в”Ђв”Ђ Patterns.h
в”њв”Ђв”Ђ lib
в”‚В В  в”њв”Ђв”Ђ CMakeLists.txt
в”‚В В  в””в”Ђв”Ђ Dialect
в”‚В В      в”њв”Ђв”Ђ CMakeLists.txt
в”‚В В      в””в”Ђв”Ђ MyDialect
в”‚В В          в”њв”Ђв”Ђ CMakeLists.txt
в”‚В В          в”њв”Ђв”Ђ Conversion
в”‚В В          в”‚В В  в”њв”Ђв”Ђ CMakeLists.txt
в”‚В В          в”‚В В  в”њв”Ђв”Ђ LowerToTarget.cpp
в”‚В В          в”‚В В  в””в”Ђв”Ђ Passes.cpp
в”‚В В          в”њв”Ђв”Ђ IR
в”‚В В          в”‚В В  в”њв”Ђв”Ђ CMakeLists.txt
в”‚В В          в”‚В В  в”њв”Ђв”Ђ MyDialectBase.cpp
в”‚В В          в”‚В В  в””в”Ђв”Ђ MyDialectOps.cpp
в”‚В В          в””в”Ђв”Ђ Transforms
в”‚В В              в”њв”Ђв”Ђ CMakeLists.txt
в”‚В В              в”њв”Ђв”Ђ ExampleTransform.cpp
в”‚В В              в”њв”Ђв”Ђ GroupedPasses.cpp
в”‚В В              в”њв”Ђв”Ђ MyTransform.cpp
в”‚В В              в”њв”Ђв”Ђ Passes.cpp
в”‚В В              в””в”Ђв”Ђ Patterns.cpp
в”њв”Ђв”Ђ README.md
в”њв”Ђв”Ђ test
в”‚В В  в”њв”Ђв”Ђ CMakeLists.txt
в”‚В В  в”њв”Ђв”Ђ conversion
в”‚В В  в”‚В В  в””в”Ђв”Ђ lower-to-target.mlir
в”‚В В  в”њв”Ђв”Ђ dialect
в”‚В В  в”‚В В  в””в”Ђв”Ђ parse-print.mlir
в”‚В В  в”њв”Ђв”Ђ lit.cfg.py
в”‚В В  в”њв”Ђв”Ђ lit.site.cfg.py.in
в”‚В В  в””в”Ђв”Ђ transforms
в”‚В В      в”њв”Ђв”Ђ example-transform.mlir
в”‚В В      в””в”Ђв”Ђ my-transform.mlir
в””в”Ђв”Ђ tools
    в”њв”Ђв”Ђ CMakeLists.txt
    в””в”Ђв”Ђ my-mlir-opt
        в”њв”Ђв”Ђ CMakeLists.txt
        в””в”Ђв”Ђ my-mlir-opt.cpp

87 directories, 321 files
